Determining if the pthread_create exist failed with the following output:
Change Dir: /home/guiloko/Desafio/build/robotino_msgs/CMakeFiles/CMakeTmp

Run Build Command:"/usr/bin/make" "cmTC_90ae5/fast"
/usr/bin/make -f CMakeFiles/cmTC_90ae5.dir/build.make CMakeFiles/cmTC_90ae5.dir/build
make[1]: Entering directory '/home/guiloko/Desafio/build/robotino_msgs/CMakeFiles/CMakeTmp'
Building C object CMakeFiles/cmTC_90ae5.dir/CheckSymbolExists.c.o
/usr/bin/cc     -o CMakeFiles/cmTC_90ae5.dir/CheckSymbolExists.c.o   -c /home/guiloko/Desafio/build/robotino_msgs/CMakeFiles/CMakeTmp/CheckSymbolExists.c
Linking C executable cmTC_90ae5
/usr/bin/cmake -E cmake_link_script CMakeFiles/cmTC_90ae5.dir/link.txt --verbose=1
/usr/bin/cc       CMakeFiles/cmTC_90ae5.dir/CheckSymbolExists.c.o  -o cmTC_90ae5 -rdynamic 
CMakeFiles/cmTC_90ae5.dir/CheckSymbolExists.c.o: In function `main':
CheckSymbolExists.c:(.text+0x16): undefined reference to `pthread_create'
collect2: error: ld returned 1 exit status
CMakeFiles/cmTC_90ae5.dir/build.make:97: recipe for target 'cmTC_90ae5' failed
make[1]: *** [cmTC_90ae5] Error 1
make[1]: Leaving directory '/home/guiloko/Desafio/build/robotino_msgs/CMakeFiles/CMakeTmp'
Makefile:126: recipe for target 'cmTC_90ae5/fast' failed
make: *** [cmTC_90ae5/fast] Error 2

File /home/guiloko/Desafio/build/robotino_msgs/CMakeFiles/CMakeTmp/CheckSymbolExists.c:
/* */
#include <pthread.h>

int main(int argc, char** argv)
{
  (void)argv;
#ifndef pthread_create
  return ((int*)(&pthread_create))[argc];
#else
  (void)argc;
  return 0;
#endif
}

Determining if the function pthread_create exists in the pthreads failed with the following output:
Change Dir: /home/guiloko/Desafio/build/robotino_msgs/CMakeFiles/CMakeTmp

Run Build Command:"/usr/bin/make" "cmTC_2fbfa/fast"
/usr/bin/make -f CMakeFiles/cmTC_2fbfa.dir/build.make CMakeFiles/cmTC_2fbfa.dir/build
make[1]: Entering directory '/home/guiloko/Desafio/build/robotino_msgs/CMakeFiles/CMakeTmp'
Building C object CMakeFiles/cmTC_2fbfa.dir/CheckFunctionExists.c.o
/usr/bin/cc    -DCHECK_FUNCTION_EXISTS=pthread_create   -o CMakeFiles/cmTC_2fbfa.dir/CheckFunctionExists.c.o   -c /usr/share/cmake-3.5/Modules/CheckFunctionExists.c
Linking C executable cmTC_2fbfa
/usr/bin/cmake -E cmake_link_script CMakeFiles/cmTC_2fbfa.dir/link.txt --verbose=1
/usr/bin/cc   -DCHECK_FUNCTION_EXISTS=pthread_create    CMakeFiles/cmTC_2fbfa.dir/CheckFunctionExists.c.o  -o cmTC_2fbfa -rdynamic -lpthreads 
/usr/bin/ld: cannot find -lpthreads
collect2: error: ld returned 1 exit status
CMakeFiles/cmTC_2fbfa.dir/build.make:97: recipe for target 'cmTC_2fbfa' failed
make[1]: *** [cmTC_2fbfa] Error 1
make[1]: Leaving directory '/home/guiloko/Desafio/build/robotino_msgs/CMakeFiles/CMakeTmp'
Makefile:126: recipe for target 'cmTC_2fbfa/fast' failed
make: *** [cmTC_2fbfa/fast] Error 2


