[  0%] Built target _robotino_msgs_generate_messages_check_deps_DistrCenter
[  0%] Built target _robotino_msgs_generate_messages_check_deps_DigitalReadings
[  0%] Built target _robotino_msgs_generate_messages_check_deps_MotorReadings
[  0%] Built target _robotino_msgs_generate_messages_check_deps_GrapplerReadings
[  0%] Built target std_msgs_generate_messages_cpp
[  0%] Built target _robotino_msgs_generate_messages_check_deps_PuckInfo
[  0%] Built target _robotino_msgs_generate_messages_check_deps_ResetOdometry
[  0%] Built target geometry_msgs_generate_messages_cpp
[  0%] Built target _robotino_msgs_generate_messages_check_deps_SetBHAPressures
[  0%] Built target _robotino_msgs_generate_messages_check_deps_Machine
[  0%] Built target _robotino_msgs_generate_messages_check_deps_AnalogReadings
[  0%] Built target _robotino_msgs_generate_messages_check_deps_SimControl
[  0%] Built target _robotino_msgs_generate_messages_check_deps_WorldState
[  0%] Built target _robotino_msgs_generate_messages_check_deps_StateId
[  0%] Built target _robotino_msgs_generate_messages_check_deps_SetGrapplerAxis
[  0%] Built target _robotino_msgs_generate_messages_check_deps_PowerReadings
[  0%] Built target _robotino_msgs_generate_messages_check_deps_SetGrapplerAxes
[  0%] Built target _robotino_msgs_generate_messages_check_deps_EncoderReadings
[  0%] Built target _robotino_msgs_generate_messages_check_deps_SetGripperState
[  0%] Built target _robotino_msgs_generate_messages_check_deps_NorthStarReadings
[  0%] Built target _robotino_msgs_generate_messages_check_deps_SetEncoderPosition
[  0%] Built target _robotino_msgs_generate_messages_check_deps_GripperState
[  0%] Built target std_msgs_generate_messages_py
[  0%] Built target _robotino_msgs_generate_messages_check_deps_BHAReadings
[  0%] Built target geometry_msgs_generate_messages_py
[  0%] Built target std_msgs_generate_messages_lisp
[  0%] Built target std_msgs_generate_messages_nodejs
[  0%] Built target geometry_msgs_generate_messages_nodejs
[  0%] Built target geometry_msgs_generate_messages_lisp
[  0%] Built target geometry_msgs_generate_messages_eus
[  0%] Built target std_msgs_generate_messages_eus
[ 19%] Built target robotino_msgs_generate_messages_cpp
[ 56%] Built target robotino_msgs_generate_messages_nodejs
[ 61%] Built target robotino_msgs_generate_messages_py
[ 80%] Built target robotino_msgs_generate_messages_eus
[100%] Built target robotino_msgs_generate_messages_lisp
[100%] Built target robotino_msgs_generate_messages
